{"level":"debug","message":"GET in / - 15:51:24"}
{"level":"debug","message":"GET in /css/styleProducts.css - 15:51:25"}
{"level":"debug","message":"GET in /js/login.js - 15:51:25"}
{"level":"debug","message":"POST in /api/sessions/login - 15:51:33"}
{"level":"debug","message":"GET in /products - 15:51:34"}
{"level":"debug","message":"GET in /css/styleProducts.css - 15:51:34"}
{"level":"debug","message":"GET in /js/products.js - 15:51:34"}
{"level":"debug","message":"GET in /products - 15:54:43"}
{"level":"debug","message":"GET in /js/products.js - 15:54:44"}
{"level":"debug","message":"GET in /css/styleProducts.css - 15:54:44"}
{"level":"debug","message":"GET in /products - 15:54:46"}
{"level":"debug","message":"GET in /js/products.js - 15:54:46"}
{"level":"debug","message":"GET in /css/styleProducts.css - 15:54:46"}
{"level":"debug","message":"GET in /admin - 15:54:51"}
{"level":"debug","message":"GET in /css/styleProducts.css - 15:54:51"}
{"level":"debug","message":"GET in /js/admin.js - 15:54:51"}
{"level":"debug","message":"GET in /favicon.ico - 15:54:59"}
{"level":"debug","message":"GET in /products - 15:55:06"}
{"level":"debug","message":"GET in /js/products.js - 15:55:06"}
{"level":"debug","message":"GET in /css/styleProducts.css - 15:55:06"}
{"level":"debug","message":"GET in /api/sessions/logout - 15:55:17"}
{"level":"debug","message":"GET in / - 15:55:18"}
{"level":"debug","message":"GET in /js/login.js - 15:55:18"}
{"level":"debug","message":"GET in /css/styleProducts.css - 15:55:18"}
{"level":"debug","message":"POST in /api/sessions/login - 15:55:20"}
{"level":"debug","message":"GET in /products - 15:55:20"}
{"level":"debug","message":"GET in /css/styleProducts.css - 15:55:20"}
{"level":"debug","message":"GET in /js/products.js - 15:55:20"}
{"level":"debug","message":"GET in /products - 15:56:13"}
{"level":"debug","message":"GET in /js/products.js - 15:56:13"}
{"level":"debug","message":"GET in /css/styleProducts.css - 15:56:13"}
{"level":"debug","message":"GET in /products - 15:58:03"}
{"level":"debug","message":"GET in /js/products.js - 15:58:03"}
{"level":"debug","message":"GET in /css/styleProducts.css - 15:58:03"}
{"level":"debug","message":"GET in /products - 15:58:17"}
{"level":"debug","message":"GET in /js/products.js - 15:58:17"}
{"level":"debug","message":"GET in /css/styleProducts.css - 15:58:17"}
{"level":"debug","message":"GET in /cart/64d399d11a761f84773d54e7 - 15:58:32"}
{"level":"debug","message":"GET in /css/styleProducts.css - 15:58:33"}
{"level":"debug","message":"GET in /js/cart.js - 15:58:33"}
{"level":"debug","message":"GET in /cart/64d399d11a761f84773d54e7/purchase - 15:58:36"}
{"level":"debug","message":"GET in / - 17:35:08"}
{"level":"debug","message":"GET in /css/styleProducts.css - 17:35:09"}
{"level":"debug","message":"GET in /js/login.js - 17:35:09"}
{"level":"debug","message":"GET in / - 17:35:09"}
{"level":"debug","message":"POST in /api/sessions/login - 17:35:20"}
{"level":"debug","message":"GET in /products - 17:35:22"}
{"level":"debug","message":"GET in /js/products.js - 17:35:23"}
{"level":"debug","message":"GET in /css/styleProducts.css - 17:35:23"}
{"level":"debug","message":"GET in /js/logoutfunction.js - 17:35:23"}
{"level":"debug","message":"GET in /profile - 17:36:04"}
{"level":"debug","message":"GET in /js/profile.js - 17:36:05"}
{"level":"debug","message":"GET in /css/styleProducts.css - 17:36:05"}
{"level":"debug","message":"GET in /js/logoutfunction.js - 17:36:05"}
{"level":"debug","message":"GET in /admin - 17:36:25"}
{"level":"debug","message":"GET in /css/styleProducts.css - 17:36:25"}
{"level":"debug","message":"GET in /style.css - 17:36:25"}
{"level":"debug","message":"GET in /favicon.ico - 17:36:31"}
{"level":"debug","message":"GET in /cart/64d399d11a761f84773d54e7 - 17:36:34"}
{"level":"debug","message":"GET in /js/cart.js - 17:36:34"}
{"level":"debug","message":"GET in /css/styleProducts.css - 17:36:34"}
{"level":"debug","message":"GET in /js/logoutfunction.js - 17:36:34"}
{"level":"debug","message":"GET in /api/payments/create-payment-intent - 17:36:34"}
{"level":"error","message":"Failed to create payment intent: Error: Invalid integer: NaN"}
{"level":"debug","message":"GET in /api/sessions/logout - 17:36:40"}
{"level":"debug","message":"GET in / - 17:36:43"}
{"level":"debug","message":"GET in /js/login.js - 17:36:43"}
{"level":"debug","message":"GET in /css/styleProducts.css - 17:36:43"}
{"level":"debug","message":"GET in /api/sessions/github - 17:36:45"}
{"level":"debug","message":"GET in /api/sessions/githubcallback?code=135775713487237f9e6b - 17:36:46"}
{"level":"debug","message":"GET in /products - 17:36:47"}
{"level":"debug","message":"GET in /js/products.js - 17:36:47"}
{"level":"debug","message":"GET in /css/styleProducts.css - 17:36:47"}
{"level":"debug","message":"GET in /js/logoutfunction.js - 17:36:47"}
{"level":"debug","message":"GET in /admin - 17:36:54"}
{"level":"debug","message":"GET in /css/styleProducts.css - 17:36:54"}
{"level":"debug","message":"GET in /style.css - 17:36:54"}
{"level":"debug","message":"GET in /favicon.ico - 17:36:57"}
{"level":"debug","message":"GET in /products - 17:36:57"}
{"level":"debug","message":"GET in /profile - 17:36:58"}
{"level":"debug","message":"GET in /js/profile.js - 17:36:58"}
{"level":"debug","message":"GET in /css/styleProducts.css - 17:36:58"}
{"level":"debug","message":"GET in /js/logoutfunction.js - 17:36:58"}
{"level":"debug","message":"GET in /cart/64e2795f82d72e1a38a748a4 - 17:37:05"}
{"level":"debug","message":"GET in /js/cart.js - 17:37:05"}
{"level":"debug","message":"GET in /css/styleProducts.css - 17:37:05"}
{"level":"debug","message":"GET in /js/logoutfunction.js - 17:37:05"}
{"level":"debug","message":"GET in /cart/products - 17:37:21"}
{"level":"debug","message":"GET in /chat - 17:38:15"}
{"level":"debug","message":"GET in /js/chat.js - 17:38:18"}
{"level":"debug","message":"GET in /socket.io/socket.io.js - 17:38:18"}
{"level":"debug","message":"GET in /css/styleProducts.css - 17:38:18"}
{"level":"debug","message":"GET in /socket.io/socket.io.js - 17:38:18"}
{"level":"debug","message":"GET in /js/logoutfunction.js - 17:38:18"}
{"level":"debug","message":"GET in /cart/ - 17:38:51"}
{"level":"debug","message":"GET in /favicon.ico - 17:38:55"}
{"level":"debug","message":"GET in /chat - 17:38:56"}
{"level":"debug","message":"GET in /profile - 17:38:58"}
{"level":"debug","message":"GET in /js/profile.js - 17:38:58"}
{"level":"debug","message":"GET in /css/styleProducts.css - 17:38:58"}
{"level":"debug","message":"GET in /js/logoutfunction.js - 17:38:58"}
{"level":"debug","message":"GET in /profile - 17:39:48"}
{"level":"debug","message":"GET in /js/profile.js - 17:39:49"}
{"level":"debug","message":"GET in /css/styleProducts.css - 17:39:49"}
{"level":"debug","message":"GET in /js/logoutfunction.js - 17:39:49"}
{"level":"debug","message":"GET in /api/sessions/logout - 17:43:09"}
{"level":"debug","message":"GET in / - 17:43:12"}
{"level":"debug","message":"GET in /js/login.js - 17:43:12"}
{"level":"debug","message":"GET in /css/styleProducts.css - 17:43:12"}
{"level":"debug","message":"POST in /api/sessions/login - 17:43:42"}
{"level":"debug","message":"GET in /register - 17:44:01"}
{"level":"debug","message":"GET in /js/register.js - 17:44:01"}
{"level":"debug","message":"GET in /css/styleProducts.css - 17:44:01"}
{"level":"debug","message":"GET in /api/sessions/logout - 17:44:15"}
{"level":"debug","message":"GET in / - 17:44:16"}
{"level":"debug","message":"GET in /js/login.js - 17:44:16"}
{"level":"debug","message":"GET in /css/styleProducts.css - 17:44:16"}
{"level":"debug","message":"POST in /api/sessions/login - 17:44:18"}
{"level":"debug","message":"GET in /products - 17:44:20"}
{"level":"debug","message":"GET in /css/styleProducts.css - 17:44:21"}
{"level":"debug","message":"GET in /js/products.js - 17:44:21"}
{"level":"debug","message":"GET in /js/logoutfunction.js - 17:44:21"}
{"level":"debug","message":"GET in /products?page=2 - 17:44:38"}
{"level":"debug","message":"GET in /js/products.js - 17:44:38"}
{"level":"debug","message":"GET in /css/styleProducts.css - 17:44:38"}
{"level":"debug","message":"GET in /js/logoutfunction.js - 17:44:38"}
{"level":"debug","message":"GET in /products?page=3 - 17:44:43"}
{"level":"debug","message":"GET in /css/styleProducts.css - 17:44:44"}
{"level":"debug","message":"GET in /js/products.js - 17:44:44"}
{"level":"debug","message":"GET in /js/logoutfunction.js - 17:44:44"}
{"level":"debug","message":"GET in /products?page=4 - 17:48:01"}
{"level":"debug","message":"GET in /js/products.js - 17:48:01"}
{"level":"debug","message":"GET in /css/styleProducts.css - 17:48:01"}
{"level":"debug","message":"GET in /js/logoutfunction.js - 17:48:01"}
{"level":"debug","message":"GET in /products?page=5 - 17:48:05"}
{"level":"debug","message":"GET in /js/products.js - 17:48:05"}
{"level":"debug","message":"GET in /css/styleProducts.css - 17:48:05"}
{"level":"debug","message":"GET in /js/logoutfunction.js - 17:48:05"}
{"level":"debug","message":"GET in /products?page=6 - 17:48:08"}
{"level":"debug","message":"GET in /js/products.js - 17:48:09"}
{"level":"debug","message":"GET in /css/styleProducts.css - 17:48:09"}
{"level":"debug","message":"GET in /js/logoutfunction.js - 17:48:09"}
{"level":"debug","message":"GET in /products?page=7 - 17:48:12"}
{"level":"debug","message":"GET in /css/styleProducts.css - 17:48:12"}
{"level":"debug","message":"GET in /js/products.js - 17:48:12"}
{"level":"debug","message":"GET in /js/logoutfunction.js - 17:48:12"}
{"level":"debug","message":"GET in /products?page=8 - 17:48:16"}
{"level":"debug","message":"GET in /js/products.js - 17:48:16"}
{"level":"debug","message":"GET in /css/styleProducts.css - 17:48:16"}
{"level":"debug","message":"GET in /js/logoutfunction.js - 17:48:16"}
{"level":"debug","message":"POST in /api/carts/64d399d11a761f84773d54e7/product/643d9c93ae6c641e5f14dad4 - 17:48:18"}
{"level":"debug","message":"GET in /products?page=8 - 17:48:21"}
{"level":"debug","message":"GET in /js/products.js - 17:48:21"}
{"level":"debug","message":"GET in /css/styleProducts.css - 17:48:21"}
{"level":"debug","message":"GET in /js/logoutfunction.js - 17:48:21"}
{"level":"debug","message":"POST in /api/carts/64d399d11a761f84773d54e7/product/643da636ae6c641e5f14db16 - 17:48:24"}
{"level":"debug","message":"GET in /products?page=8 - 17:48:28"}
{"level":"debug","message":"GET in /js/products.js - 17:48:28"}
{"level":"debug","message":"GET in /css/styleProducts.css - 17:48:28"}
{"level":"debug","message":"GET in /js/logoutfunction.js - 17:48:28"}
{"level":"debug","message":"POST in /api/carts/64d399d11a761f84773d54e7/product/643d9c93ae6c641e5f14dad4 - 17:48:35"}
{"level":"debug","message":"GET in /products?page=8 - 17:48:39"}
{"level":"debug","message":"GET in /js/products.js - 17:48:39"}
{"level":"debug","message":"GET in /css/styleProducts.css - 17:48:39"}
{"level":"debug","message":"GET in /js/logoutfunction.js - 17:48:39"}
{"level":"debug","message":"POST in /api/carts/64d399d11a761f84773d54e7/product/643d9c93ae6c641e5f14dad4 - 17:48:41"}
{"level":"debug","message":"GET in /products?page=8 - 17:48:43"}
{"level":"debug","message":"GET in /js/products.js - 17:48:43"}
{"level":"debug","message":"GET in /css/styleProducts.css - 17:48:43"}
{"level":"debug","message":"GET in /js/logoutfunction.js - 17:48:43"}
{"level":"debug","message":"GET in /product/643d9c93ae6c641e5f14dad4 - 17:48:57"}
{"level":"debug","message":"GET in /js/product.js - 17:48:57"}
{"level":"debug","message":"GET in /css/styleProducts.css - 17:48:57"}
{"level":"debug","message":"GET in /js/logoutfunction.js - 17:48:57"}
{"level":"debug","message":"POST in /api/carts/64d399d11a761f84773d54e7/product/643d9c93ae6c641e5f14dad4 - 17:48:59"}
{"level":"debug","message":"GET in /product/643d9c93ae6c641e5f14dad4 - 17:49:01"}
{"level":"debug","message":"GET in /js/product.js - 17:49:01"}
{"level":"debug","message":"GET in /css/styleProducts.css - 17:49:01"}
{"level":"debug","message":"GET in /js/logoutfunction.js - 17:49:01"}
{"level":"debug","message":"GET in /products - 17:49:02"}
{"level":"debug","message":"GET in /css/styleProducts.css - 17:49:03"}
{"level":"debug","message":"GET in /js/products.js - 17:49:03"}
{"level":"debug","message":"GET in /js/logoutfunction.js - 17:49:03"}
{"level":"debug","message":"GET in /products?page=2 - 17:49:05"}
{"level":"debug","message":"GET in /js/products.js - 17:49:05"}
{"level":"debug","message":"GET in /css/styleProducts.css - 17:49:05"}
{"level":"debug","message":"GET in /js/logoutfunction.js - 17:49:05"}
{"level":"debug","message":"GET in /products?page=3 - 17:49:09"}
{"level":"debug","message":"GET in /css/styleProducts.css - 17:49:09"}
{"level":"debug","message":"GET in /js/products.js - 17:49:09"}
{"level":"debug","message":"GET in /js/logoutfunction.js - 17:49:09"}
{"level":"debug","message":"GET in /products?page=4 - 17:49:12"}
{"level":"debug","message":"GET in /js/products.js - 17:49:12"}
{"level":"debug","message":"GET in /css/styleProducts.css - 17:49:12"}
{"level":"debug","message":"GET in /js/logoutfunction.js - 17:49:12"}
{"level":"debug","message":"GET in /products?page=5 - 17:49:14"}
{"level":"debug","message":"GET in /css/styleProducts.css - 17:49:14"}
{"level":"debug","message":"GET in /js/products.js - 17:49:14"}
{"level":"debug","message":"GET in /js/logoutfunction.js - 17:49:14"}
{"level":"debug","message":"GET in /products?page=6 - 17:49:16"}
{"level":"debug","message":"GET in /js/products.js - 17:49:17"}
{"level":"debug","message":"GET in /css/styleProducts.css - 17:49:17"}
{"level":"debug","message":"GET in /js/logoutfunction.js - 17:49:17"}
{"level":"debug","message":"GET in /products?page=7 - 17:49:18"}
{"level":"debug","message":"GET in /css/styleProducts.css - 17:49:18"}
{"level":"debug","message":"GET in /js/products.js - 17:49:18"}
{"level":"debug","message":"GET in /js/logoutfunction.js - 17:49:18"}
{"level":"debug","message":"GET in /products?page=8 - 17:49:19"}
{"level":"debug","message":"GET in /css/styleProducts.css - 17:49:20"}
{"level":"debug","message":"GET in /js/products.js - 17:49:20"}
{"level":"debug","message":"GET in /js/logoutfunction.js - 17:49:20"}
{"level":"debug","message":"GET in /products?page=9 - 17:49:22"}
{"level":"debug","message":"GET in /css/styleProducts.css - 17:49:22"}
{"level":"debug","message":"GET in /js/products.js - 17:49:22"}
{"level":"debug","message":"GET in /images/1681773461262-yerba-amanda-500.png - 17:49:22"}
{"level":"debug","message":"GET in /js/logoutfunction.js - 17:49:22"}
{"level":"debug","message":"POST in /api/carts/64d399d11a761f84773d54e7/product/643dd3958f8dc2d1c8d892d8 - 17:49:28"}
{"level":"debug","message":"GET in /products?page=9 - 17:49:29"}
{"level":"debug","message":"GET in /js/products.js - 17:49:30"}
{"level":"debug","message":"GET in /css/styleProducts.css - 17:49:30"}
{"level":"debug","message":"GET in /images/1681773461262-yerba-amanda-500.png - 17:49:30"}
{"level":"debug","message":"GET in /js/logoutfunction.js - 17:49:30"}
{"level":"debug","message":"GET in /products?page=10 - 17:49:31"}
{"level":"debug","message":"GET in /css/styleProducts.css - 17:49:31"}
{"level":"debug","message":"GET in /js/products.js - 17:49:31"}
{"level":"debug","message":"GET in /js/logoutfunction.js - 17:49:31"}
{"level":"debug","message":"POST in /api/carts/64d399d11a761f84773d54e7/product/643f11f4ea68c38a9d5e15fe - 17:49:33"}
{"level":"debug","message":"GET in /products?page=10 - 17:49:35"}
{"level":"debug","message":"GET in /js/products.js - 17:49:35"}
{"level":"debug","message":"GET in /css/styleProducts.css - 17:49:35"}
{"level":"debug","message":"GET in /js/logoutfunction.js - 17:49:35"}
{"level":"debug","message":"GET in /profile - 17:49:42"}
{"level":"debug","message":"GET in /css/styleProducts.css - 17:49:42"}
{"level":"debug","message":"GET in /js/profile.js - 17:49:42"}
{"level":"debug","message":"GET in /js/logoutfunction.js - 17:49:42"}
{"level":"debug","message":"GET in /admin - 17:49:44"}
{"level":"debug","message":"GET in /style.css - 17:49:44"}
{"level":"debug","message":"GET in /css/styleProducts.css - 17:49:44"}
{"level":"debug","message":"GET in /style.css - 17:49:44"}
{"level":"debug","message":"GET in /cart/64d399d11a761f84773d54e7 - 17:49:51"}
{"level":"debug","message":"GET in /cart/images/1681773461262-yerba-amanda-500.png - 17:49:52"}
{"level":"debug","message":"GET in /js/cart.js - 17:49:52"}
{"level":"debug","message":"GET in /css/styleProducts.css - 17:49:52"}
{"level":"debug","message":"GET in /js/logoutfunction.js - 17:49:52"}
{"level":"debug","message":"GET in /cart/images/1681773461262-yerba-amanda-500.png - 17:49:52"}
{"level":"debug","message":"GET in /api/payments/create-payment-intent - 17:49:52"}
{"level":"error","message":"Failed to create payment intent: Error: Invalid integer: NaN"}
{"level":"debug","message":"DELETE in /api/carts/64d399d11a761f84773d54e7/product/643c1d3d69ce9221316cc171 - 17:50:09"}
{"level":"debug","message":"GET in /cart/64d399d11a761f84773d54e7 - 17:50:13"}
{"level":"debug","message":"GET in /js/cart.js - 17:50:13"}
{"level":"debug","message":"GET in /css/styleProducts.css - 17:50:13"}
{"level":"debug","message":"GET in /cart/images/1681773461262-yerba-amanda-500.png - 17:50:13"}
{"level":"debug","message":"GET in /js/logoutfunction.js - 17:50:13"}
{"level":"debug","message":"GET in /api/payments/create-payment-intent - 17:50:13"}
{"level":"debug","message":"GET in /admin - 17:50:40"}
{"level":"debug","message":"GET in /style.css - 17:50:40"}
{"level":"debug","message":"GET in /css/styleProducts.css - 17:50:40"}
{"level":"debug","message":"GET in /style.css - 17:50:40"}
{"level":"debug","message":"GET in /cart/64d399d11a761f84773d54e7 - 17:51:55"}
{"level":"debug","message":"GET in /js/cart.js - 17:51:56"}
{"level":"debug","message":"GET in /css/styleProducts.css - 17:51:56"}
{"level":"debug","message":"GET in /cart/images/1681773461262-yerba-amanda-500.png - 17:51:56"}
{"level":"debug","message":"GET in /js/logoutfunction.js - 17:51:56"}
{"level":"debug","message":"GET in /api/payments/create-payment-intent - 17:51:56"}
{"level":"debug","message":"GET in /profile - 17:51:59"}
{"level":"debug","message":"GET in /css/styleProducts.css - 17:51:59"}
{"level":"debug","message":"GET in /js/profile.js - 17:51:59"}
{"level":"debug","message":"GET in /js/logoutfunction.js - 17:51:59"}
{"level":"debug","message":"GET in /admin - 17:52:00"}
{"level":"debug","message":"GET in /css/styleProducts.css - 17:52:01"}
{"level":"debug","message":"GET in /style.css - 17:52:01"}
{"level":"debug","message":"GET in /style.css - 17:52:01"}
{"level":"debug","message":"GET in /api/sessions/logout - 17:52:08"}
{"level":"debug","message":"GET in / - 17:52:10"}
{"level":"debug","message":"GET in /js/login.js - 17:52:11"}
{"level":"debug","message":"GET in /css/styleProducts.css - 17:52:11"}
{"level":"debug","message":"POST in /api/sessions/login - 17:52:12"}
{"level":"debug","message":"GET in /products - 17:52:15"}
{"level":"debug","message":"GET in /js/products.js - 17:52:15"}
{"level":"debug","message":"GET in /css/styleProducts.css - 17:52:15"}
{"level":"debug","message":"GET in /js/logoutfunction.js - 17:52:15"}
{"level":"debug","message":"GET in /profile - 17:52:17"}
{"level":"debug","message":"GET in /js/profile.js - 17:52:18"}
{"level":"debug","message":"GET in /css/styleProducts.css - 17:52:18"}
{"level":"debug","message":"GET in /js/logoutfunction.js - 17:52:18"}
{"level":"debug","message":"GET in /admin - 17:52:19"}
{"level":"debug","message":"GET in /css/styleProducts.css - 17:52:19"}
{"level":"debug","message":"GET in /style.css - 17:52:19"}
{"level":"debug","message":"GET in /style.css - 17:52:19"}
{"level":"debug","message":"GET in /cart/64d399d11a761f84773d54e7 - 17:52:22"}
{"level":"debug","message":"GET in /js/cart.js - 17:52:23"}
{"level":"debug","message":"GET in /css/styleProducts.css - 17:52:23"}
{"level":"debug","message":"GET in /cart/images/1681773461262-yerba-amanda-500.png - 17:52:23"}
{"level":"debug","message":"GET in /js/logoutfunction.js - 17:52:23"}
{"level":"debug","message":"GET in /api/payments/create-payment-intent - 17:52:23"}
{"level":"debug","message":"GET in /cart/64d399d11a761f84773d54e7 - 17:53:27"}
{"level":"debug","message":"GET in /css/styleProducts.css - 17:53:27"}
{"level":"debug","message":"GET in /js/cart.js - 17:53:27"}
{"level":"debug","message":"GET in /cart/images/1681773461262-yerba-amanda-500.png - 17:53:27"}
{"level":"debug","message":"GET in /js/logoutfunction.js - 17:53:27"}
{"level":"debug","message":"GET in /api/payments/create-payment-intent - 17:53:27"}
{"level":"debug","message":"GET in /profile - 17:53:31"}
{"level":"debug","message":"GET in /js/profile.js - 17:53:32"}
{"level":"debug","message":"GET in /css/styleProducts.css - 17:53:32"}
{"level":"debug","message":"GET in /js/logoutfunction.js - 17:53:32"}
{"level":"debug","message":"GET in /admin - 17:53:33"}
{"level":"debug","message":"GET in /css/styleProducts.css - 17:53:33"}
{"level":"debug","message":"GET in /style.css - 17:53:33"}
{"level":"debug","message":"GET in /style.css - 17:53:33"}
{"level":"debug","message":"GET in /cart/64d399d11a761f84773d54e7 - 17:53:36"}
{"level":"debug","message":"GET in /js/cart.js - 17:53:36"}
{"level":"debug","message":"GET in /css/styleProducts.css - 17:53:36"}
{"level":"debug","message":"GET in /cart/images/1681773461262-yerba-amanda-500.png - 17:53:36"}
{"level":"debug","message":"GET in /js/logoutfunction.js - 17:53:36"}
{"level":"debug","message":"GET in /cart/images/1681773461262-yerba-amanda-500.png - 17:53:36"}
{"level":"debug","message":"GET in /api/payments/create-payment-intent - 17:53:36"}
{"level":"debug","message":"GET in / - 18:39:53"}
{"level":"debug","message":"GET in /css/styleProducts.css - 18:39:53"}
{"level":"debug","message":"GET in /js/login.js - 18:39:53"}
{"level":"debug","message":"GET in / - 18:39:54"}
{"level":"debug","message":"GET in / - 18:40:43"}
{"level":"debug","message":"GET in /css/styleProducts.css - 18:40:43"}
{"level":"debug","message":"GET in /js/login.js - 18:40:43"}
{"level":"debug","message":"POST in /api/sessions/login - 18:40:47"}
{"level":"debug","message":"GET in /products - 18:40:51"}
{"level":"debug","message":"GET in /css/styleProducts.css - 18:40:51"}
{"level":"debug","message":"GET in /js/products.js - 18:40:51"}
{"level":"debug","message":"GET in /js/logoutfunction.js - 18:40:51"}
{"level":"debug","message":"GET in /cart/64d399d11a761f84773d54e7 - 18:40:54"}
{"level":"debug","message":"GET in /css/styleProducts.css - 18:40:55"}
{"level":"debug","message":"GET in /cart/images/1681773461262-yerba-amanda-500.png - 18:40:55"}
{"level":"debug","message":"GET in /cart/images/1681773461262-yerba-amanda-500.png - 18:40:55"}
{"level":"debug","message":"GET in /js/cart.js - 18:40:55"}
{"level":"debug","message":"GET in /js/logoutfunction.js - 18:40:55"}
{"level":"debug","message":"GET in /api/payments/create-payment-intent - 18:40:55"}
{"level":"debug","message":"GET in /cart/64d399d11a761f84773d54e7 - 18:41:40"}
{"level":"debug","message":"GET in /js/cart.js - 18:41:40"}
{"level":"debug","message":"GET in /css/styleProducts.css - 18:41:40"}
{"level":"debug","message":"GET in /cart/images/1681773461262-yerba-amanda-500.png - 18:41:40"}
{"level":"debug","message":"GET in /js/logoutfunction.js - 18:41:40"}
{"level":"debug","message":"GET in /api/payments/create-payment-intent - 18:41:40"}
{"level":"debug","message":"GET in /cart/64d399d11a761f84773d54e7 - 18:42:21"}
{"level":"debug","message":"GET in /js/cart.js - 18:42:21"}
{"level":"debug","message":"GET in /css/styleProducts.css - 18:42:21"}
{"level":"debug","message":"GET in /cart/images/1681773461262-yerba-amanda-500.png - 18:42:21"}
{"level":"debug","message":"GET in /js/logoutfunction.js - 18:42:21"}
{"level":"debug","message":"GET in /api/payments/create-payment-intent - 18:42:21"}
{"level":"debug","message":"GET in /cart/64d399d11a761f84773d54e7 - 18:43:42"}
{"level":"debug","message":"GET in /js/cart.js - 18:43:42"}
{"level":"debug","message":"GET in /css/styleProducts.css - 18:43:42"}
{"level":"debug","message":"GET in /cart/images/1681773461262-yerba-amanda-500.png - 18:43:42"}
{"level":"debug","message":"GET in /js/logoutfunction.js - 18:43:42"}
{"level":"debug","message":"GET in /api/payments/create-payment-intent - 18:43:42"}
{"level":"debug","message":"GET in /cart/cart/64d399d11a761f84773d54e7 - 18:47:13"}
{"level":"debug","message":"GET in /profile - 18:49:13"}
{"level":"debug","message":"GET in /css/styleProducts.css - 18:49:14"}
{"level":"debug","message":"GET in /js/profile.js - 18:49:14"}
{"level":"debug","message":"GET in /js/logoutfunction.js - 18:49:14"}
{"level":"debug","message":"GET in /admin - 18:49:17"}
{"level":"debug","message":"GET in /style.css - 18:49:18"}
{"level":"debug","message":"GET in /css/styleProducts.css - 18:49:18"}
{"level":"debug","message":"GET in /favicon.ico - 18:49:20"}
{"level":"debug","message":"GET in /cart/64d399d11a761f84773d54e7 - 18:49:21"}
{"level":"debug","message":"GET in /js/cart.js - 18:49:21"}
{"level":"debug","message":"GET in /css/styleProducts.css - 18:49:21"}
{"level":"debug","message":"GET in /cart/images/1681773461262-yerba-amanda-500.png - 18:49:21"}
{"level":"debug","message":"GET in /js/logoutfunction.js - 18:49:21"}
{"level":"debug","message":"GET in /api/payments/create-payment-intent - 18:49:21"}
{"level":"debug","message":"GET in /api-docs/ - 19:56:11"}
{"level":"debug","message":"GET in / - 20:03:40"}
{"level":"debug","message":"GET in /css/styleProducts.css - 20:03:40"}
{"level":"debug","message":"GET in /js/login.js - 20:03:40"}
{"level":"debug","message":"POST in /api/sessions/login - 20:03:42"}
{"level":"debug","message":"GET in /products - 20:03:45"}
{"level":"debug","message":"GET in /css/styleProducts.css - 20:03:45"}
{"level":"debug","message":"GET in /js/products.js - 20:03:45"}
{"level":"debug","message":"GET in /js/logoutfunction.js - 20:03:45"}
{"level":"debug","message":"GET in /cart/64d399d11a761f84773d54e7 - 20:04:01"}
{"level":"debug","message":"GET in /css/styleProducts.css - 20:04:01"}
{"level":"debug","message":"GET in /cart/images/1681773461262-yerba-amanda-500.png - 20:04:01"}
{"level":"debug","message":"GET in /cart/images/1681773461262-yerba-amanda-500.png - 20:04:01"}
{"level":"debug","message":"GET in /js/cart.js - 20:04:01"}
{"level":"debug","message":"GET in /js/logoutfunction.js - 20:04:01"}
{"level":"debug","message":"GET in /api/payments/create-payment-intent - 20:04:02"}
{"level":"debug","message":"GET in /cart/64d399d11a761f84773d54e7/purchase - 20:04:40"}
{"level":"debug","message":"GET in /cart/64d399d11a761f84773d54e7/purchase - 20:08:53"}
{"level":"debug","message":"GET in / - 20:09:23"}
{"level":"debug","message":"GET in /js/login.js - 20:09:23"}
{"level":"debug","message":"GET in /css/styleProducts.css - 20:09:23"}
{"level":"debug","message":"GET in /api/sessions/github - 20:09:26"}
{"level":"debug","message":"GET in /api/sessions/githubcallback?code=008fbb3bae716e5118df - 20:09:27"}
{"level":"debug","message":"GET in /products - 20:09:28"}
{"level":"debug","message":"GET in /js/products.js - 20:09:28"}
{"level":"debug","message":"GET in /css/styleProducts.css - 20:09:28"}
{"level":"debug","message":"GET in /js/logoutfunction.js - 20:09:28"}
{"level":"debug","message":"GET in /admin - 20:09:35"}
{"level":"debug","message":"GET in /style.css - 20:09:35"}
{"level":"debug","message":"GET in /css/styleProducts.css - 20:09:35"}
{"level":"debug","message":"GET in /style.css - 20:09:35"}
{"level":"debug","message":"GET in /favicon.ico - 20:09:38"}
{"level":"debug","message":"GET in /cart/64e2795f82d72e1a38a748a4 - 20:09:41"}
{"level":"debug","message":"GET in /js/cart.js - 20:09:41"}
{"level":"debug","message":"GET in /css/styleProducts.css - 20:09:41"}
{"level":"debug","message":"GET in /js/logoutfunction.js - 20:09:41"}
{"level":"debug","message":"GET in /products - 20:09:50"}
{"level":"debug","message":"GET in /js/products.js - 20:09:50"}
{"level":"debug","message":"GET in /css/styleProducts.css - 20:09:50"}
{"level":"debug","message":"GET in /js/logoutfunction.js - 20:09:50"}
{"level":"debug","message":"GET in /products?page=2 - 20:09:53"}
{"level":"debug","message":"GET in /css/styleProducts.css - 20:09:53"}
{"level":"debug","message":"GET in /js/products.js - 20:09:53"}
{"level":"debug","message":"GET in /js/logoutfunction.js - 20:09:53"}
{"level":"debug","message":"GET in /products?page=3 - 20:09:55"}
{"level":"debug","message":"GET in /js/products.js - 20:09:55"}
{"level":"debug","message":"GET in /css/styleProducts.css - 20:09:55"}
{"level":"debug","message":"GET in /js/logoutfunction.js - 20:09:55"}
{"level":"debug","message":"GET in /products?page=4 - 20:09:57"}
{"level":"debug","message":"GET in /css/styleProducts.css - 20:09:57"}
{"level":"debug","message":"GET in /js/products.js - 20:09:57"}
{"level":"debug","message":"GET in /js/logoutfunction.js - 20:09:57"}
{"level":"debug","message":"GET in /products?page=5 - 20:09:59"}
{"level":"debug","message":"GET in /css/styleProducts.css - 20:09:59"}
{"level":"debug","message":"GET in /js/products.js - 20:09:59"}
{"level":"debug","message":"GET in /js/logoutfunction.js - 20:09:59"}
{"level":"debug","message":"GET in /products?page=6 - 20:10:01"}
{"level":"debug","message":"GET in /js/products.js - 20:10:01"}
{"level":"debug","message":"GET in /css/styleProducts.css - 20:10:01"}
{"level":"debug","message":"GET in /js/logoutfunction.js - 20:10:01"}
{"level":"debug","message":"GET in /products?page=7 - 20:10:04"}
{"level":"debug","message":"GET in /css/styleProducts.css - 20:10:04"}
{"level":"debug","message":"GET in /js/products.js - 20:10:04"}
{"level":"debug","message":"GET in /js/logoutfunction.js - 20:10:04"}
{"level":"debug","message":"GET in /products?page=8 - 20:10:06"}
{"level":"debug","message":"GET in /js/products.js - 20:10:07"}
{"level":"debug","message":"GET in /css/styleProducts.css - 20:10:07"}
{"level":"debug","message":"GET in /js/logoutfunction.js - 20:10:07"}
{"level":"debug","message":"POST in /api/carts/64e2795f82d72e1a38a748a4/product/643da636ae6c641e5f14db16 - 20:10:11"}
{"level":"debug","message":"GET in /products?page=8 - 20:10:13"}
{"level":"debug","message":"GET in /js/products.js - 20:10:14"}
{"level":"debug","message":"GET in /css/styleProducts.css - 20:10:14"}
{"level":"debug","message":"GET in /js/logoutfunction.js - 20:10:14"}
{"level":"debug","message":"POST in /api/carts/64e2795f82d72e1a38a748a4/product/643d9c93ae6c641e5f14dad4 - 20:10:16"}
{"level":"debug","message":"GET in /products?page=8 - 20:10:18"}
{"level":"debug","message":"GET in /js/products.js - 20:10:18"}
{"level":"debug","message":"GET in /css/styleProducts.css - 20:10:18"}
{"level":"debug","message":"GET in /js/logoutfunction.js - 20:10:18"}
{"level":"debug","message":"GET in /products?page=9 - 20:10:25"}
{"level":"debug","message":"GET in /css/styleProducts.css - 20:10:25"}
{"level":"debug","message":"GET in /js/products.js - 20:10:25"}
{"level":"debug","message":"GET in /images/1681773461262-yerba-amanda-500.png - 20:10:25"}
{"level":"debug","message":"GET in /js/logoutfunction.js - 20:10:25"}
{"level":"debug","message":"GET in /images/1681773461262-yerba-amanda-500.png - 20:10:25"}
{"level":"debug","message":"POST in /api/carts/64e2795f82d72e1a38a748a4/product/643dd3958f8dc2d1c8d892d8 - 20:10:27"}
{"level":"debug","message":"GET in /products?page=9 - 20:10:31"}
{"level":"debug","message":"GET in /js/products.js - 20:10:31"}
{"level":"debug","message":"GET in /css/styleProducts.css - 20:10:31"}
{"level":"debug","message":"GET in /images/1681773461262-yerba-amanda-500.png - 20:10:31"}
{"level":"debug","message":"GET in /js/logoutfunction.js - 20:10:31"}
{"level":"debug","message":"GET in /cart/64e2795f82d72e1a38a748a4 - 20:10:32"}
{"level":"debug","message":"GET in /js/cart.js - 20:10:32"}
{"level":"debug","message":"GET in /css/styleProducts.css - 20:10:32"}
{"level":"debug","message":"GET in /cart/images/1681773461262-yerba-amanda-500.png - 20:10:32"}
{"level":"debug","message":"GET in /js/logoutfunction.js - 20:10:32"}
{"level":"debug","message":"GET in /api/payments/create-payment-intent - 20:10:32"}
{"level":"debug","message":"GET in / - 20:49:45"}
{"level":"debug","message":"GET in /css/styleProducts.css - 20:49:46"}
{"level":"debug","message":"GET in /js/login.js - 20:49:46"}
{"level":"debug","message":"POST in /api/sessions/login - 20:49:49"}
{"level":"debug","message":"GET in /products - 20:49:51"}
{"level":"debug","message":"GET in /css/styleProducts.css - 20:49:52"}
{"level":"debug","message":"GET in /js/products.js - 20:49:52"}
{"level":"debug","message":"GET in /js/logoutfunction.js - 20:49:52"}
{"level":"debug","message":"GET in /cart/64d399d11a761f84773d54e7 - 20:49:57"}
{"level":"debug","message":"GET in /css/styleProducts.css - 20:49:58"}
{"level":"debug","message":"GET in /cart/images/1681773461262-yerba-amanda-500.png - 20:49:58"}
{"level":"debug","message":"GET in /js/cart.js - 20:49:58"}
{"level":"debug","message":"GET in /js/logoutfunction.js - 20:49:58"}
{"level":"debug","message":"GET in /api/payments/create-payment-intent - 20:49:58"}
{"level":"debug","message":"GET in /admin - 21:04:51"}
{"level":"debug","message":"GET in /style.css - 21:04:51"}
{"level":"debug","message":"GET in /css/styleProducts.css - 21:04:51"}
{"level":"debug","message":"GET in /style.css - 21:04:51"}
{"level":"debug","message":"GET in /favicon.ico - 21:05:05"}
{"level":"debug","message":"GET in /profile - 21:05:09"}
{"level":"debug","message":"GET in /css/styleProducts.css - 21:05:10"}
{"level":"debug","message":"GET in /js/profile.js - 21:05:10"}
{"level":"debug","message":"GET in /js/logoutfunction.js - 21:05:10"}
{"level":"debug","message":"GET in /profile?profile=1656697605136.jpg - 21:05:33"}
{"level":"debug","message":"GET in /js/profile.js - 21:05:33"}
{"level":"debug","message":"GET in /css/styleProducts.css - 21:05:33"}
{"level":"debug","message":"GET in /js/logoutfunction.js - 21:05:33"}
{"level":"debug","message":"GET in /api/users/64d399d11a761f84773d54e7/status - 21:05:46"}
{"level":"debug","message":"GET in /profile?profile=1656697605136.jpg - 21:05:48"}
{"level":"debug","message":"GET in /js/profile.js - 21:05:48"}
{"level":"debug","message":"GET in /css/styleProducts.css - 21:05:48"}
{"level":"debug","message":"GET in /js/logoutfunction.js - 21:05:48"}
{"level":"debug","message":"POST in /api/users/64d399d11a761f84773d54e7/documents - 21:05:52"}
{"level":"debug","message":"GET in /profile?profile=1656697605136.jpg - 21:05:53"}
{"level":"debug","message":"GET in /js/profile.js - 21:05:53"}
{"level":"debug","message":"GET in /css/styleProducts.css - 21:05:53"}
{"level":"debug","message":"GET in /js/logoutfunction.js - 21:05:53"}
{"level":"debug","message":"GET in /admin - 21:05:56"}
{"level":"debug","message":"GET in /css/styleProducts.css - 21:05:56"}
{"level":"debug","message":"GET in /style.css - 21:05:56"}
{"level":"debug","message":"GET in /style.css - 21:05:56"}
{"level":"debug","message":"GET in /api/sessions/logout - 21:06:05"}
{"level":"debug","message":"GET in / - 21:06:08"}
{"level":"debug","message":"GET in /js/login.js - 21:06:08"}
{"level":"debug","message":"GET in /css/styleProducts.css - 21:06:08"}
